<?xml version="1.0" encoding="UTF-8"?>
<testng-results ignored="0" total="1" passed="1" failed="0" skipped="0">
  <reporter-output>
  </reporter-output>
  <suite started-at="2025-11-23T12:43:18 IST" name="Default suite" finished-at="2025-11-23T12:43:32 IST" duration-ms="14379">
    <groups>
    </groups>
    <test started-at="2025-11-23T12:43:18 IST" name="Default test" finished-at="2025-11-23T12:43:32 IST" duration-ms="14379">
      <class name="com.orangHRM.VerifyDashboardPageTest">
        <test-method is-config="true" signature="beforeSuiteTest()[pri:0, instance:com.orangHRM.VerifyDashboardPageTest@7d9d0818]" started-at="2025-11-23T12:43:14 IST" name="beforeSuiteTest" finished-at="2025-11-23T12:43:18 IST" duration-ms="4347" status="PASS">
          <reporter-output>
          </reporter-output>
        </test-method> <!-- beforeSuiteTest -->
        <test-method is-config="true" signature="beforeClassTest()[pri:0, instance:com.orangHRM.VerifyDashboardPageTest@7d9d0818]" started-at="2025-11-23T12:43:18 IST" name="beforeClassTest" finished-at="2025-11-23T12:43:28 IST" duration-ms="9507" status="PASS">
          <reporter-output>
          </reporter-output>
        </test-method> <!-- beforeClassTest -->
        <test-method is-config="true" signature="beforeMethodTest()[pri:0, instance:com.orangHRM.VerifyDashboardPageTest@7d9d0818]" started-at="2025-11-23T12:43:28 IST" name="beforeMethodTest" finished-at="2025-11-23T12:43:31 IST" duration-ms="2895" status="PASS">
          <reporter-output>
          </reporter-output>
        </test-method> <!-- beforeMethodTest -->
        <test-method signature="verifyDashboardPageTest()[pri:0, instance:com.orangHRM.VerifyDashboardPageTest@7d9d0818]" started-at="2025-11-23T12:43:31 IST" name="verifyDashboardPageTest" finished-at="2025-11-23T12:43:32 IST" duration-ms="869" status="PASS">
          <reporter-output>
          </reporter-output>
        </test-method> <!-- verifyDashboardPageTest -->
        <test-method is-config="true" signature="afterMethodTest()[pri:0, instance:com.orangHRM.VerifyDashboardPageTest@7d9d0818]" started-at="2025-11-23T12:43:32 IST" name="afterMethodTest" finished-at="2025-11-23T12:43:32 IST" duration-ms="0" status="PASS">
          <reporter-output>
          </reporter-output>
        </test-method> <!-- afterMethodTest -->
        <test-method is-config="true" signature="afterClassTest()[pri:0, instance:com.orangHRM.VerifyDashboardPageTest@7d9d0818]" started-at="2025-11-23T12:43:32 IST" name="afterClassTest" finished-at="2025-11-23T12:43:32 IST" duration-ms="834" status="PASS">
          <reporter-output>
          </reporter-output>
        </test-method> <!-- afterClassTest -->
        <test-method is-config="true" signature="afterSuiteTest()[pri:0, instance:com.orangHRM.VerifyDashboardPageTest@7d9d0818]" started-at="2025-11-23T12:43:32 IST" name="afterSuiteTest" finished-at="2025-11-23T12:43:32 IST" duration-ms="2" status="PASS">
          <reporter-output>
          </reporter-output>
        </test-method> <!-- afterSuiteTest -->
      </class> <!-- com.orangHRM.VerifyDashboardPageTest -->
    </test> <!-- Default test -->
  </suite> <!-- Default suite -->
</testng-results>
